<?xml version="1.0" encoding="UTF-8"?>
<!-- Generated by org.testng.reporters.JUnitXMLReporter -->
<testsuite hostname="Vivek" ignored="1" name="Test" tests="1" failures="0" timestamp="19 Jun 2021 17:46:09 GMT" time="13.791" errors="0">
  <testcase name="LoginMethodTest" time="5.491" classname="com.Milewise.Tests.LoginTest"/>
  <testcase name="@BeforeSuite suiteSetup" time="0.0" classname="com.Milewise.Pages.BaseClass">
    <ignored/>
  </testcase> <!-- @BeforeSuite suiteSetup -->
</testsuite> <!-- Test -->
