<?xml version="1.0" encoding="UTF-8"?>
<testng-results skipped="0" failed="0" ignored="1" total="2" passed="1">
  <reporter-output>
    <line>
      <![CDATA[driver returned]]>
    </line>
    <line>
      <![CDATA[generating report]]>
    </line>
    <line>
      <![CDATA[report flushed]]>
    </line>
  </reporter-output>
  <suite name="Suite" duration-ms="17573" started-at="2021-06-19T22:42:12 IST" finished-at="2021-06-19T22:42:29 IST">
    <groups>
    </groups>
    <test name="Test" duration-ms="17573" started-at="2021-06-19T22:42:12 IST" finished-at="2021-06-19T22:42:29 IST">
      <class name="com.Milewise.Tests.LoginTest">
        <test-method status="PASS" signature="suiteSetup()[pri:0, instance:com.Milewise.Tests.LoginTest@60285225]" name="suiteSetup" is-config="true" duration-ms="874" started-at="2021-06-19T22:42:11 IST" finished-at="2021-06-19T22:42:12 IST">
          <reporter-output>
          </reporter-output>
        </test-method> <!-- suiteSetup -->
        <test-method status="PASS" signature="setUp()[pri:0, instance:com.Milewise.Tests.LoginTest@60285225]" name="setUp" is-config="true" duration-ms="8143" started-at="2021-06-19T22:42:12 IST" finished-at="2021-06-19T22:42:20 IST">
          <reporter-output>
            <line>
              <![CDATA[driver returned]]>
            </line>
          </reporter-output>
        </test-method> <!-- setUp -->
        <test-method status="PASS" signature="LoginMethodTest()[pri:0, instance:com.Milewise.Tests.LoginTest@60285225]" name="LoginMethodTest" duration-ms="8514" started-at="2021-06-19T22:42:20 IST" finished-at="2021-06-19T22:42:28 IST">
          <reporter-output>
          </reporter-output>
        </test-method> <!-- LoginMethodTest -->
        <test-method status="PASS" signature="tearDownMethod(org.testng.ITestResult)[pri:0, instance:com.Milewise.Tests.LoginTest@60285225]" name="tearDownMethod" is-config="true" duration-ms="7" started-at="2021-06-19T22:42:28 IST" finished-at="2021-06-19T22:42:28 IST">
          <params>
            <param index="0">
              <value>
                <![CDATA[[TestResult name=LoginMethodTest status=SUCCESS method=LoginTest.LoginMethodTest()[pri:0, instance:com.Milewise.Tests.LoginTest@60285225] output={null}]]]>
              </value>
            </param>
          </params>
          <reporter-output>
            <line>
              <![CDATA[generating report]]>
            </line>
            <line>
              <![CDATA[report flushed]]>
            </line>
          </reporter-output>
        </test-method> <!-- tearDownMethod -->
        <test-method status="PASS" signature="tearDown()[pri:0, instance:com.Milewise.Tests.LoginTest@60285225]" name="tearDown" is-config="true" duration-ms="851" started-at="2021-06-19T22:42:28 IST" finished-at="2021-06-19T22:42:29 IST">
          <reporter-output>
          </reporter-output>
        </test-method> <!-- tearDown -->
      </class> <!-- com.Milewise.Tests.LoginTest -->
    </test> <!-- Test -->
  </suite> <!-- Suite -->
</testng-results>
